<?xml version="1.0" encoding="UTF-8"?>
<!-- Generated by org.testng.reporters.JUnitReportReporter -->
<testsuite skipped="0" hostname="WLW7-NAGARAJK" name="com.newfi.qa.testcases.MortgageRatesTodayTest" tests="6" failures="0" timestamp="29 Oct 2018 18:33:52 GMT" time="104.992" errors="0">
  <testcase name="hitShowRatesTest" time="18.881" classname="com.newfi.qa.testcases.MortgageRatesTodayTest"/>
  <testcase name="hitShowRatesTest" time="18.026" classname="com.newfi.qa.testcases.MortgageRatesTodayTest"/>
  <testcase name="hitShowRatesTest" time="17.290" classname="com.newfi.qa.testcases.MortgageRatesTodayTest"/>
  <testcase name="hitShowRatesTest" time="17.483" classname="com.newfi.qa.testcases.MortgageRatesTodayTest"/>
  <testcase name="hitShowRatesTest" time="16.341" classname="com.newfi.qa.testcases.MortgageRatesTodayTest"/>
  <testcase name="hitShowRatesTest" time="16.971" classname="com.newfi.qa.testcases.MortgageRatesTodayTest"/>
</testsuite> <!-- com.newfi.qa.testcases.MortgageRatesTodayTest -->
